\BOOKMARK [1][-]{section.1}{\376\377\232\330\173\111\121\103\175\040\133\146\127\372\170\100\164\006\213\272}{}% 1
\BOOKMARK [2][-]{subsection.1.1}{\376\377\127\372\147\054\151\202\137\365}{section.1}% 2
\BOOKMARK [3][-]{subsubsection.1.1.1}{\376\377\121\103\175\040}{subsection.1.1}% 3
\BOOKMARK [3][-]{subsubsection.1.1.2}{\376\377\123\125\117\115\155\123\136\246}{subsection.1.1}% 4
\BOOKMARK [3][-]{subsubsection.1.1.3}{\376\377\156\156\160\155\145\366\225\177}{subsection.1.1}% 5
\BOOKMARK [3][-]{subsubsection.1.1.4}{\376\377\123\125\117\115\117\134\165\050\145\110\147\234\131\047\134\017}{subsection.1.1}% 6
\BOOKMARK [3][-]{subsubsection.1.1.5}{\376\377\121\103\175\040\173\046\123\367}{subsection.1.1}% 7
\BOOKMARK [2][-]{subsection.1.2}{\376\377\121\103\175\040\140\047\215\050}{section.1}% 8
\BOOKMARK [3][-]{subsubsection.1.2.1}{\376\377\142\151\145\143\140\047\000\040\000\050\000\051}{subsection.1.2}% 9
\BOOKMARK [3][-]{subsubsection.1.2.2}{\376\377\143\001\116\105\140\047\000\040\000\050\000o\000\051}{subsection.1.2}% 10
\BOOKMARK [3][-]{subsubsection.1.2.3}{\376\377\122\233\140\047\000\040\000\050\000F\000\051}{subsection.1.2}% 11
\BOOKMARK [3][-]{subsubsection.1.2.4}{\376\377\123\315\136\224\140\047\000\040\000\050\000i\000\040\000\051}{subsection.1.2}% 12
\BOOKMARK [2][-]{subsection.1.3}{\376\377\121\103\175\040\140\047\215\050}{section.1}% 13
\BOOKMARK [1][-]{section.2}{\376\377\121\103\175\040\123\315\136\224\133\146\213\364}{}% 14
\BOOKMARK [2][-]{subsection.2.1}{\376\377\123\315\136\224\127\372\170\100\164\006\213\272}{section.2}% 15
\BOOKMARK [2][-]{subsection.2.2}{\376\377\116\073\211\201\121\103\175\040\123\315\136\224}{section.2}% 16
\BOOKMARK [3][-]{subsubsection.2.2.1}{\376\377\142\151\145\143\123\315\136\224}{subsection.2.2}% 17
\BOOKMARK [3][-]{subsubsection.2.2.2}{\376\377\176\323\146\166\123\315\136\224}{subsection.2.2}% 18
\BOOKMARK [3][-]{subsubsection.2.2.3}{\376\377\215\205\133\374\123\315\136\224}{subsection.2.2}% 19
\BOOKMARK [3][-]{subsubsection.2.2.4}{\376\377\141\037\165\065\123\315\136\224}{subsection.2.2}% 20
\BOOKMARK [3][-]{subsubsection.2.2.5}{\376\377\215\205\217\175\123\315\136\224}{subsection.2.2}% 21
\BOOKMARK [3][-]{subsubsection.2.2.6}{\376\377\123\237\157\300\123\026\123\315\136\224}{subsection.2.2}% 22
\BOOKMARK [3][-]{subsubsection.2.2.7}{\376\377\176\375\145\076\123\315\136\224}{subsection.2.2}% 23
\BOOKMARK [3][-]{subsubsection.2.2.8}{\376\377\161\303\160\347\123\315\136\224}{subsection.2.2}% 24
\BOOKMARK [3][-]{subsubsection.2.2.9}{\376\377\204\270\123\321\123\315\136\224}{subsection.2.2}% 25
\BOOKMARK [3][-]{subsubsection.2.2.10}{\376\377\207\215\123\026\123\315\136\224}{subsection.2.2}% 26
\BOOKMARK [3][-]{subsubsection.2.2.11}{\376\377\121\273\176\323\123\315\136\224}{subsection.2.2}% 27
\BOOKMARK [1][-]{section.3}{\376\377\162\133\155\233\121\341\000:\121\103\175\040\124\010\116\000\164\006\213\272}{}% 28
\BOOKMARK [2][-]{subsection.3.1}{\376\377\162\133\155\233\121\341\040\024\040\024\000R\000E\000P\124\010\116\000\213\272}{section.3}% 29
\BOOKMARK [2][-]{subsection.3.2}{\376\377\165\061\000a\000b\000o\000i\000n\121\154\137\017\143\250\133\374\000R\000E\000P\124\010\116\000\133\232\164\006}{section.3}% 30
\BOOKMARK [2][-]{subsection.3.3}{\376\377\000R\000E\000P\124\010\116\000\133\232\164\006}{section.3}% 31
\BOOKMARK [1][-]{section.4}{\376\377\121\103\175\040\215\167\156\220\213\364}{}% 32
\BOOKMARK [2][-]{subsection.4.1}{\376\377\145\257\226\367\146\156\215\167\156\220\164\006\213\272}{section.4}% 33
\BOOKMARK [2][-]{subsection.4.2}{\376\377\231\201\154\111\131\306\127\060\215\167\156\220\164\006\213\272}{section.4}% 34
\BOOKMARK [2][-]{subsection.4.3}{\376\377\000F\000D\000F\040\024\040\024\000F\000u\000r\000i\000n\000a\000\040\000d\000e\000\040\000F\000o\000n\000t\000a\000i\000n\000e\215\167\156\220\213\364}{section.4}% 35
\BOOKMARK [1][-]{section.5}{\376\377\124\025\000-\135\024\131\017\121\103\175\040\116\214\220\006\124\021\164\006\213\272}{}% 36
\BOOKMARK [2][-]{subsection.5.1}{\376\377\124\025\154\017\133\232\164\006}{section.5}% 37
\BOOKMARK [2][-]{subsection.5.2}{\376\377\135\024\131\017\133\232\164\006}{section.5}% 38
\BOOKMARK [2][-]{subsection.5.3}{\376\377\124\025\135\024\131\017\121\154\137\017}{section.5}% 39
\BOOKMARK [1][-]{section.6}{\376\377\160\257\205\176\000\267\134\071\126\011\176\364\147\102\123\026\211\304\122\031\116\016\121\103\175\040\160\257\205\176\000\267\134\071\126\011\176\364\133\146}{}% 40
\BOOKMARK [2][-]{subsection.6.1}{\376\377\121\103\175\040\147\102\123\026\123\237\164\006}{section.6}% 41
\BOOKMARK [2][-]{subsection.6.2}{\376\377\160\257\205\176\000\267\134\071\126\011\176\364\147\102\123\026\211\304\122\031\213\272}{section.6}% 42
\BOOKMARK [2][-]{subsection.6.3}{\376\377\121\103\175\040\000n\124\021\140\047}{section.6}% 43
\BOOKMARK [2][-]{subsection.6.4}{\376\377\121\103\175\040\160\257\205\176\000\267\134\071\126\011\176\364\133\146}{section.6}% 44
\BOOKMARK [1][-]{section.7}{\376\377\131\032\121\103\121\103\175\040\127\072\116\345\123\312\131\015\147\102\121\103\175\040\127\072\213\272}{}% 45
\BOOKMARK [2][-]{subsection.7.1}{\376\377\164\006\213\272}{section.7}% 46
\BOOKMARK [2][-]{subsection.7.2}{\376\377\121\103\175\040\127\072\213\272}{section.7}% 47
\BOOKMARK [2][-]{subsection.7.3}{\376\377\131\015\147\102\121\103\175\040\127\072\213\272}{section.7}% 48
